#
# There is insufficient memory for the Java Runtime Environment to continue.
# Native memory allocation (malloc) failed to allocate 32744 bytes for ChunkPool::allocate
# Possible reasons:
#   The system is out of physical RAM or swap space
#   In 32 bit mode, the process size limit was hit
# Possible solutions:
#   Reduce memory load on the system
#   Increase physical memory or swap space
#   Check if swap backing store is full
#   Use 64 bit Java on a 64 bit OS
#   Decrease Java heap size (-Xmx/-Xms)
#   Decrease number of Java threads
#   Decrease Java thread stack sizes (-Xss)
#   Set larger code cache with -XX:ReservedCodeCacheSize=
# This output file may be truncated or incomplete.
#
#  Out of Memory Error (allocation.cpp:273), pid=11072, tid=0x000000000000afcc
#
# JRE version: Java(TM) SE Runtime Environment (8.0_92-b14) (build 1.8.0_92-b14)
# Java VM: Java HotSpot(TM) 64-Bit Server VM (25.92-b14 mixed mode windows-amd64 compressed oops)
# Failed to write core dump. Minidumps are not enabled by default on client versions of Windows
#

---------------  T H R E A D  ---------------

Current thread (0x0000000018c2c800):  JavaThread "C1 CompilerThread2" daemon [_thread_in_native, id=45004, stack(0x00000000196c0000,0x00000000197c0000)]

Stack: [0x00000000196c0000,0x00000000197c0000]
[error occurred during error reporting (printing stack bounds), id 0xc0000005]

Native frames: (J=compiled Java code, j=interpreted, Vv=VM code, C=native code)


Current CompileTask:
C1:1167741 3915 %     3       sun.nio.cs.UTF_8$Encoder::encodeArrayLoop @ 109 (489 bytes)


---------------  P R O C E S S  ---------------

Java Threads: ( => current thread )
  0x000000001a2ea800 JavaThread "Worker-4" [_thread_blocked, id=23144, stack(0x000000001f6e0000,0x000000001f7e0000)]
  0x000000001ae28800 JavaThread "pool-1-thread-1" [_thread_in_native, id=30088, stack(0x000000001c570000,0x000000001c670000)]
  0x000000001a4a1800 JavaThread "pool-2-thread-1" [_thread_in_native, id=83432, stack(0x000000001c470000,0x000000001c570000)]
  0x000000001a388000 JavaThread "Java indexing" daemon [_thread_blocked, id=74460, stack(0x000000001c170000,0x000000001c270000)]
  0x0000000019f02000 JavaThread "Worker-0" [_thread_blocked, id=70232, stack(0x000000001bd70000,0x000000001be70000)]
  0x000000001a20f000 JavaThread "Worker-JM" [_thread_blocked, id=29268, stack(0x000000001b870000,0x000000001b970000)]
  0x0000000019c3b000 JavaThread "Start Level: Equinox Container: bc4d2a35-6c19-47fa-9864-2af8e8ac133d" daemon [_thread_blocked, id=67668, stack(0x000000001b390000,0x000000001b490000)]
  0x000000001a1a6000 JavaThread "Framework Event Dispatcher: Equinox Container: bc4d2a35-6c19-47fa-9864-2af8e8ac133d" daemon [_thread_blocked, id=20844, stack(0x000000001b290000,0x000000001b390000)]
  0x0000000019c61800 JavaThread "Active Thread: Equinox Container: bc4d2a35-6c19-47fa-9864-2af8e8ac133d" [_thread_blocked, id=35556, stack(0x000000001b190000,0x000000001b290000)]
  0x0000000018ca3000 JavaThread "Service Thread" daemon [_thread_blocked, id=71588, stack(0x00000000197c0000,0x00000000198c0000)]
=>0x0000000018c2c800 JavaThread "C1 CompilerThread2" daemon [_thread_in_native, id=45004, stack(0x00000000196c0000,0x00000000197c0000)]
  0x0000000018c23800 JavaThread "C2 CompilerThread1" daemon [_thread_blocked, id=70716, stack(0x00000000195c0000,0x00000000196c0000)]
  0x0000000018c1f000 JavaThread "C2 CompilerThread0" daemon [_thread_blocked, id=32048, stack(0x00000000194c0000,0x00000000195c0000)]
  0x0000000018c11800 JavaThread "Attach Listener" daemon [_thread_blocked, id=42452, stack(0x00000000193c0000,0x00000000194c0000)]
  0x0000000018c1c800 JavaThread "Signal Dispatcher" daemon [_thread_blocked, id=50592, stack(0x00000000192c0000,0x00000000193c0000)]
  0x0000000018bb1000 JavaThread "Surrogate Locker Thread (Concurrent GC)" daemon [_thread_blocked, id=77392, stack(0x00000000191c0000,0x00000000192c0000)]
  0x0000000018b98000 JavaThread "Finalizer" daemon [_thread_blocked, id=11520, stack(0x00000000190c0000,0x00000000191c0000)]
  0x0000000018b8c000 JavaThread "Reference Handler" daemon [_thread_blocked, id=23420, stack(0x0000000018fc0000,0x00000000190c0000)]
  0x0000000002f7e000 JavaThread "main" [_thread_blocked, id=4120, stack(0x0000000002dd0000,0x0000000002ed0000)]

Other Threads:
  0x0000000018b87000 VMThread [stack: 0x0000000018ec0000,0x0000000018fc0000] [id=12676]
  0x0000000018cfa800 WatcherThread [stack: 0x00000000198c0000,0x00000000199c0000] [id=73700]

VM state:not at safepoint (normal execution)

VM Mutex/Monitor currently owned by a thread: None

Heap:
 garbage-first heap   total 131072K, used 55296K [0x00000000c0000000, 0x00000000c0100400, 0x0000000100000000)
  region size 1024K, 40 young (40960K), 10 survivors (10240K)
 Metaspace       used 38038K, capacity 40258K, committed 40444K, reserved 1085440K
  class space    used 4174K, capacity 4859K, committed 4912K, reserved 1048576K

Heap Regions: (Y=young(eden), SU=young(survivor), HS=humongous(starts), HC=humongous(continues), CS=collection set, F=free, TS=gc time stamp, PTAMS=previous top-at-mark-start, NTAMS=next top-at-mark-start)
AC   0  O    TS     0 PTAMS 0x00000000c0100000 NTAMS 0x00000000c0100000 space 1024K, 100% used [0x00000000c0000000, 0x00000000c0100000)
AC   0  O    TS     0 PTAMS 0x00000000c0200000 NTAMS 0x00000000c0200000 space 1024K, 100% used [0x00000000c0100000, 0x00000000c0200000)
AC   0  O    TS     0 PTAMS 0x00000000c0300000 NTAMS 0x00000000c0300000 space 1024K, 100% used [0x00000000c0200000, 0x00000000c0300000)
AC   0  O    TS     0 PTAMS 0x00000000c0400000 NTAMS 0x00000000c0400000 space 1024K, 100% used [0x00000000c0300000, 0x00000000c0400000)
AC   0  F    TS     0 PTAMS 0x00000000c0400000 NTAMS 0x00000000c0400000 space 1024K,   0% used [0x00000000c0400000, 0x00000000c0500000)
AC   0  O    TS     0 PTAMS 0x00000000c0600000 NTAMS 0x00000000c0600000 space 1024K, 100% used [0x00000000c0500000, 0x00000000c0600000)
AC   0  O    TS     0 PTAMS 0x00000000c0700000 NTAMS 0x00000000c0700000 space 1024K, 100% used [0x00000000c0600000, 0x00000000c0700000)
AC   0  O    TS     0 PTAMS 0x00000000c0800000 NTAMS 0x00000000c0800000 space 1024K, 100% used [0x00000000c0700000, 0x00000000c0800000)
AC   0  F    TS     0 PTAMS 0x00000000c0800000 NTAMS 0x00000000c0800000 space 1024K,   0% used [0x00000000c0800000, 0x00000000c0900000)
AC   0  F    TS     0 PTAMS 0x00000000c0900000 NTAMS 0x00000000c0900000 space 1024K,   0% used [0x00000000c0900000, 0x00000000c0a00000)
AC   0  F    TS     0 PTAMS 0x00000000c0a00000 NTAMS 0x00000000c0a00000 space 1024K,   0% used [0x00000000c0a00000, 0x00000000c0b00000)
AC   0  F    TS     0 PTAMS 0x00000000c0b00000 NTAMS 0x00000000c0b00000 space 1024K,   0% used [0x00000000c0b00000, 0x00000000c0c00000)
AC   0  F    TS     0 PTAMS 0x00000000c0c00000 NTAMS 0x00000000c0c00000 space 1024K,   0% used [0x00000000c0c00000, 0x00000000c0d00000)
AC   0  O    TS     0 PTAMS 0x00000000c0e00000 NTAMS 0x00000000c0e00000 space 1024K, 100% used [0x00000000c0d00000, 0x00000000c0e00000)
AC   0  O    TS     0 PTAMS 0x00000000c0f00000 NTAMS 0x00000000c0f00000 space 1024K, 100% used [0x00000000c0e00000, 0x00000000c0f00000)
AC   0  O    TS     0 PTAMS 0x00000000c1000000 NTAMS 0x00000000c1000000 space 1024K, 100% used [0x00000000c0f00000, 0x00000000c1000000)
AC   0  O    TS     0 PTAMS 0x00000000c1100000 NTAMS 0x00000000c1100000 space 1024K, 100% used [0x00000000c1000000, 0x00000000c1100000)
AC   0  O    TS     0 PTAMS 0x00000000c1200000 NTAMS 0x00000000c1200000 space 1024K, 100% used [0x00000000c1100000, 0x00000000c1200000)
AC   0  O    TS     0 PTAMS 0x00000000c1300000 NTAMS 0x00000000c1300000 space 1024K, 100% used [0x00000000c1200000, 0x00000000c1300000)
AC   0  O    TS     0 PTAMS 0x00000000c1400000 NTAMS 0x00000000c1400000 space 1024K, 100% used [0x00000000c1300000, 0x00000000c1400000)
AC   0  O    TS     0 PTAMS 0x00000000c1500000 NTAMS 0x00000000c1500000 space 1024K, 100% used [0x00000000c1400000, 0x00000000c1500000)
AC   0  F    TS     0 PTAMS 0x00000000c1500000 NTAMS 0x00000000c1500000 space 1024K,   0% used [0x00000000c1500000, 0x00000000c1600000)
AC   0  F    TS     0 PTAMS 0x00000000c1600000 NTAMS 0x00000000c1600000 space 1024K,   0% used [0x00000000c1600000, 0x00000000c1700000)
AC   0  F    TS     0 PTAMS 0x00000000c1700000 NTAMS 0x00000000c1700000 space 1024K,   0% used [0x00000000c1700000, 0x00000000c1800000)
AC   0  F    TS     0 PTAMS 0x00000000c1800000 NTAMS 0x00000000c1800000 space 1024K,   0% used [0x00000000c1800000, 0x00000000c1900000)
AC   0  F    TS     0 PTAMS 0x00000000c1900000 NTAMS 0x00000000c1900000 space 1024K,   0% used [0x00000000c1900000, 0x00000000c1a00000)
AC   0  F    TS     0 PTAMS 0x00000000c1a00000 NTAMS 0x00000000c1a00000 space 1024K,   0% used [0x00000000c1a00000, 0x00000000c1b00000)
AC   0  F    TS     0 PTAMS 0x00000000c1b00000 NTAMS 0x00000000c1b00000 space 1024K,   0% used [0x00000000c1b00000, 0x00000000c1c00000)
AC   0  F    TS     0 PTAMS 0x00000000c1c00000 NTAMS 0x00000000c1c00000 space 1024K,   0% used [0x00000000c1c00000, 0x00000000c1d00000)
AC   0  F    TS     0 PTAMS 0x00000000c1d00000 NTAMS 0x00000000c1d00000 space 1024K,   0% used [0x00000000c1d00000, 0x00000000c1e00000)
AC   0  F    TS     0 PTAMS 0x00000000c1e00000 NTAMS 0x00000000c1e00000 space 1024K,   0% used [0x00000000c1e00000, 0x00000000c1f00000)
AC   0  F    TS     0 PTAMS 0x00000000c1f00000 NTAMS 0x00000000c1f00000 space 1024K,   0% used [0x00000000c1f00000, 0x00000000c2000000)
AC   0  F    TS     0 PTAMS 0x00000000c2000000 NTAMS 0x00000000c2000000 space 1024K,   0% used [0x00000000c2000000, 0x00000000c2100000)
AC   0  F    TS     0 PTAMS 0x00000000c2100000 NTAMS 0x00000000c2100000 space 1024K,   0% used [0x00000000c2100000, 0x00000000c2200000)
AC   0  F    TS     0 PTAMS 0x00000000c2200000 NTAMS 0x00000000c2200000 space 1024K,   0% used [0x00000000c2200000, 0x00000000c2300000)
AC   0  F    TS     0 PTAMS 0x00000000c2300000 NTAMS 0x00000000c2300000 space 1024K,   0% used [0x00000000c2300000, 0x00000000c2400000)
AC   0  F    TS     0 PTAMS 0x00000000c2400000 NTAMS 0x00000000c2400000 space 1024K,   0% used [0x00000000c2400000, 0x00000000c2500000)
AC   0  F    TS     0 PTAMS 0x00000000c2500000 NTAMS 0x00000000c2500000 space 1024K,   0% used [0x00000000c2500000, 0x00000000c2600000)
AC   0  F    TS     0 PTAMS 0x00000000c2600000 NTAMS 0x00000000c2600000 space 1024K,   0% used [0x00000000c2600000, 0x00000000c2700000)
AC   0  F    TS     0 PTAMS 0x00000000c2700000 NTAMS 0x00000000c2700000 space 1024K,   0% used [0x00000000c2700000, 0x00000000c2800000)
AC   0  F    TS     0 PTAMS 0x00000000c2800000 NTAMS 0x00000000c2800000 space 1024K,   0% used [0x00000000c2800000, 0x00000000c2900000)
AC   0  F    TS     0 PTAMS 0x00000000c2900000 NTAMS 0x00000000c2900000 space 1024K,   0% used [0x00000000c2900000, 0x00000000c2a00000)
AC   0  F    TS     0 PTAMS 0x00000000c2a00000 NTAMS 0x00000000c2a00000 space 1024K,   0% used [0x00000000c2a00000, 0x00000000c2b00000)
AC   0  F    TS     0 PTAMS 0x00000000c2b00000 NTAMS 0x00000000c2b00000 space 1024K,   0% used [0x00000000c2b00000, 0x00000000c2c00000)
AC   0  F    TS     0 PTAMS 0x00000000c2c00000 NTAMS 0x00000000c2c00000 space 1024K,   0% used [0x00000000c2c00000, 0x00000000c2d00000)
AC   0  F    TS     0 PTAMS 0x00000000c2d00000 NTAMS 0x00000000c2d00000 space 1024K,   0% used [0x00000000c2d00000, 0x00000000c2e00000)
AC   0  F    TS     0 PTAMS 0x00000000c2e00000 NTAMS 0x00000000c2e00000 space 1024K,   0% used [0x00000000c2e00000, 0x00000000c2f00000)
AC   0  F    TS     0 PTAMS 0x00000000c2f00000 NTAMS 0x00000000c2f00000 space 1024K,   0% used [0x00000000c2f00000, 0x00000000c3000000)
AC   0  F    TS     0 PTAMS 0x00000000c3000000 NTAMS 0x00000000c3000000 space 1024K,   0% used [0x00000000c3000000, 0x00000000c3100000)
AC   0  F    TS     0 PTAMS 0x00000000c3100000 NTAMS 0x00000000c3100000 space 1024K,   0% used [0x00000000c3100000, 0x00000000c3200000)
AC   0  F    TS     0 PTAMS 0x00000000c3200000 NTAMS 0x00000000c3200000 space 1024K,   0% used [0x00000000c3200000, 0x00000000c3300000)
AC   0  F    TS     0 PTAMS 0x00000000c3300000 NTAMS 0x00000000c3300000 space 1024K,   0% used [0x00000000c3300000, 0x00000000c3400000)
AC   0  F    TS     0 PTAMS 0x00000000c3400000 NTAMS 0x00000000c3400000 space 1024K,   0% used [0x00000000c3400000, 0x00000000c3500000)
AC   0  F    TS     0 PTAMS 0x00000000c3500000 NTAMS 0x00000000c3500000 space 1024K,   0% used [0x00000000c3500000, 0x00000000c3600000)
AC   0  F    TS     0 PTAMS 0x00000000c3600000 NTAMS 0x00000000c3600000 space 1024K,   0% used [0x00000000c3600000, 0x00000000c3700000)
AC   0  F    TS     0 PTAMS 0x00000000c3700000 NTAMS 0x00000000c3700000 space 1024K,   0% used [0x00000000c3700000, 0x00000000c3800000)
AC   0  F    TS     0 PTAMS 0x00000000c3800000 NTAMS 0x00000000c3800000 space 1024K,   0% used [0x00000000c3800000, 0x00000000c3900000)
AC   0  F    TS     0 PTAMS 0x00000000c3900000 NTAMS 0x00000000c3900000 space 1024K,   0% used [0x00000000c3900000, 0x00000000c3a00000)
AC   0  F    TS     0 PTAMS 0x00000000c3a00000 NTAMS 0x00000000c3a00000 space 1024K,   0% used [0x00000000c3a00000, 0x00000000c3b00000)
AC   0  F    TS     0 PTAMS 0x00000000c3b00000 NTAMS 0x00000000c3b00000 space 1024K,   0% used [0x00000000c3b00000, 0x00000000c3c00000)
AC   0  F    TS     0 PTAMS 0x00000000c3c00000 NTAMS 0x00000000c3c00000 space 1024K,   0% used [0x00000000c3c00000, 0x00000000c3d00000)
AC   0  F    TS     0 PTAMS 0x00000000c3d00000 NTAMS 0x00000000c3d00000 space 1024K,   0% used [0x00000000c3d00000, 0x00000000c3e00000)
AC   0  F    TS     0 PTAMS 0x00000000c3e00000 NTAMS 0x00000000c3e00000 space 1024K,   0% used [0x00000000c3e00000, 0x00000000c3f00000)
AC   0  F    TS     0 PTAMS 0x00000000c3f00000 NTAMS 0x00000000c3f00000 space 1024K,   0% used [0x00000000c3f00000, 0x00000000c4000000)
AC   0  F    TS     0 PTAMS 0x00000000c4000000 NTAMS 0x00000000c4000000 space 1024K,   0% used [0x00000000c4000000, 0x00000000c4100000)
AC   0  F    TS     0 PTAMS 0x00000000c4100000 NTAMS 0x00000000c4100000 space 1024K,   0% used [0x00000000c4100000, 0x00000000c4200000)
AC   0  F    TS     0 PTAMS 0x00000000c4200000 NTAMS 0x00000000c4200000 space 1024K,   0% used [0x00000000c4200000, 0x00000000c4300000)
AC   0  F    TS     0 PTAMS 0x00000000c4300000 NTAMS 0x00000000c4300000 space 1024K,   0% used [0x00000000c4300000, 0x00000000c4400000)
AC   0  F    TS     0 PTAMS 0x00000000c4400000 NTAMS 0x00000000c4400000 space 1024K,   0% used [0x00000000c4400000, 0x00000000c4500000)
AC   0  F    TS     0 PTAMS 0x00000000c4500000 NTAMS 0x00000000c4500000 space 1024K,   0% used [0x00000000c4500000, 0x00000000c4600000)
AC   0  F    TS     0 PTAMS 0x00000000c4600000 NTAMS 0x00000000c4600000 space 1024K,   0% used [0x00000000c4600000, 0x00000000c4700000)
AC   0  S CS TS     0 PTAMS 0x00000000c4700000 NTAMS 0x00000000c4700000 space 1024K, 100% used [0x00000000c4700000, 0x00000000c4800000)
AC   0  S CS TS     0 PTAMS 0x00000000c4800000 NTAMS 0x00000000c4800000 space 1024K, 100% used [0x00000000c4800000, 0x00000000c4900000)
AC   0  S CS TS     0 PTAMS 0x00000000c4900000 NTAMS 0x00000000c4900000 space 1024K, 100% used [0x00000000c4900000, 0x00000000c4a00000)
AC   0  S CS TS     0 PTAMS 0x00000000c4a00000 NTAMS 0x00000000c4a00000 space 1024K, 100% used [0x00000000c4a00000, 0x00000000c4b00000)
AC   0  S CS TS     0 PTAMS 0x00000000c4b00000 NTAMS 0x00000000c4b00000 space 1024K, 100% used [0x00000000c4b00000, 0x00000000c4c00000)
AC   0  S CS TS     0 PTAMS 0x00000000c4c00000 NTAMS 0x00000000c4c00000 space 1024K, 100% used [0x00000000c4c00000, 0x00000000c4d00000)
AC   0  S CS TS     0 PTAMS 0x00000000c4d00000 NTAMS 0x00000000c4d00000 space 1024K, 100% used [0x00000000c4d00000, 0x00000000c4e00000)
AC   0  S CS TS     0 PTAMS 0x00000000c4e00000 NTAMS 0x00000000c4e00000 space 1024K, 100% used [0x00000000c4e00000, 0x00000000c4f00000)
AC   0  S CS TS     0 PTAMS 0x00000000c4f00000 NTAMS 0x00000000c4f00000 space 1024K, 100% used [0x00000000c4f00000, 0x00000000c5000000)
AC   0  S CS TS     0 PTAMS 0x00000000c5000000 NTAMS 0x00000000c5000000 space 1024K, 100% used [0x00000000c5000000, 0x00000000c5100000)
AC   0  F    TS     0 PTAMS 0x00000000c5100000 NTAMS 0x00000000c5100000 space 1024K,   0% used [0x00000000c5100000, 0x00000000c5200000)
AC   0  F    TS     0 PTAMS 0x00000000c5200000 NTAMS 0x00000000c5200000 space 1024K,   0% used [0x00000000c5200000, 0x00000000c5300000)
AC   0  F    TS     0 PTAMS 0x00000000c5300000 NTAMS 0x00000000c5300000 space 1024K,   0% used [0x00000000c5300000, 0x00000000c5400000)
AC   0  F    TS     0 PTAMS 0x00000000c5400000 NTAMS 0x00000000c5400000 space 1024K,   0% used [0x00000000c5400000, 0x00000000c5500000)
AC   0  F    TS     0 PTAMS 0x00000000c5500000 NTAMS 0x00000000c5500000 space 1024K,   0% used [0x00000000c5500000, 0x00000000c5600000)
AC   0  F    TS     0 PTAMS 0x00000000c5600000 NTAMS 0x00000000c5600000 space 1024K,   0% used [0x00000000c5600000, 0x00000000c5700000)
AC   0  F    TS     0 PTAMS 0x00000000c5700000 NTAMS 0x00000000c5700000 space 1024K,   0% used [0x00000000c5700000, 0x00000000c5800000)
AC   0  F    TS     0 PTAMS 0x00000000c5800000 NTAMS 0x00000000c5800000 space 1024K,   0% used [0x00000000c5800000, 0x00000000c5900000)
AC   0  F    TS     0 PTAMS 0x00000000c5900000 NTAMS 0x00000000c5900000 space 1024K,   0% used [0x00000000c5900000, 0x00000000c5a00000)
AC   0  F    TS     0 PTAMS 0x00000000c5a00000 NTAMS 0x00000000c5a00000 space 1024K,   0% used [0x00000000c5a00000, 0x00000000c5b00000)
AC   0  F    TS     0 PTAMS 0x00000000c5b00000 NTAMS 0x00000000c5b00000 space 1024K,   0% used [0x00000000c5b00000, 0x00000000c5c00000)
AC   0  F    TS     0 PTAMS 0x00000000c5c00000 NTAMS 0x00000000c5c00000 space 1024K,   0% used [0x00000000c5c00000, 0x00000000c5d00000)
AC   0  F    TS     0 PTAMS 0x00000000c5d00000 NTAMS 0x00000000c5d00000 space 1024K,   0% used [0x00000000c5d00000, 0x00000000c5e00000)
AC   0  F    TS     0 PTAMS 0x00000000c5e00000 NTAMS 0x00000000c5e00000 space 1024K,   0% used [0x00000000c5e00000, 0x00000000c5f00000)
AC   0  F    TS     0 PTAMS 0x00000000c5f00000 NTAMS 0x00000000c5f00000 space 1024K,   0% used [0x00000000c5f00000, 0x00000000c6000000)
AC   0  F    TS     0 PTAMS 0x00000000c6000000 NTAMS 0x00000000c6000000 space 1024K,   0% used [0x00000000c6000000, 0x00000000c6100000)
AC   0  E    TS     0 PTAMS 0x00000000c6100000 NTAMS 0x00000000c6100000 space 1024K,   9% used [0x00000000c6100000, 0x00000000c6200000)
AC   0  E CS TS     0 PTAMS 0x00000000c6200000 NTAMS 0x00000000c6200000 space 1024K, 100% used [0x00000000c6200000, 0x00000000c6300000)
AC   0  E CS TS     0 PTAMS 0x00000000c6300000 NTAMS 0x00000000c6300000 space 1024K, 100% used [0x00000000c6300000, 0x00000000c6400000)
AC   0  E CS TS     0 PTAMS 0x00000000c6400000 NTAMS 0x00000000c6400000 space 1024K, 100% used [0x00000000c6400000, 0x00000000c6500000)
AC   0  E CS TS     0 PTAMS 0x00000000c6500000 NTAMS 0x00000000c6500000 space 1024K, 100% used [0x00000000c6500000, 0x00000000c6600000)
AC   0  E CS TS     0 PTAMS 0x00000000c6600000 NTAMS 0x00000000c6600000 space 1024K, 100% used [0x00000000c6600000, 0x00000000c6700000)
AC   0  E CS TS     0 PTAMS 0x00000000c6700000 NTAMS 0x00000000c6700000 space 1024K, 100% used [0x00000000c6700000, 0x00000000c6800000)
AC   0  E CS TS     0 PTAMS 0x00000000c6800000 NTAMS 0x00000000c6800000 space 1024K, 100% used [0x00000000c6800000, 0x00000000c6900000)
AC   0  E CS TS     0 PTAMS 0x00000000c6900000 NTAMS 0x00000000c6900000 space 1024K, 100% used [0x00000000c6900000, 0x00000000c6a00000)
AC   0  E CS TS     0 PTAMS 0x00000000c6a00000 NTAMS 0x00000000c6a00000 space 1024K, 100% used [0x00000000c6a00000, 0x00000000c6b00000)
AC   0  E CS TS     0 PTAMS 0x00000000c6b00000 NTAMS 0x00000000c6b00000 space 1024K, 100% used [0x00000000c6b00000, 0x00000000c6c00000)
AC   0  E CS TS     0 PTAMS 0x00000000c6c00000 NTAMS 0x00000000c6c00000 space 1024K, 100% used [0x00000000c6c00000, 0x00000000c6d00000)
AC   0  E CS TS     0 PTAMS 0x00000000c6d00000 NTAMS 0x00000000c6d00000 space 1024K, 100% used [0x00000000c6d00000, 0x00000000c6e00000)
AC   0  E CS TS     0 PTAMS 0x00000000c6e00000 NTAMS 0x00000000c6e00000 space 1024K, 100% used [0x00000000c6e00000, 0x00000000c6f00000)
AC   0  E CS TS     0 PTAMS 0x00000000c6f00000 NTAMS 0x00000000c6f00000 space 1024K, 100% used [0x00000000c6f00000, 0x00000000c7000000)
AC   0  E CS TS     0 PTAMS 0x00000000c7000000 NTAMS 0x00000000c7000000 space 1024K, 100% used [0x00000000c7000000, 0x00000000c7100000)
AC   0  E CS TS     0 PTAMS 0x00000000c7100000 NTAMS 0x00000000c7100000 space 1024K, 100% used [0x00000000c7100000, 0x00000000c7200000)
AC   0  E CS TS     0 PTAMS 0x00000000c7200000 NTAMS 0x00000000c7200000 space 1024K, 100% used [0x00000000c7200000, 0x00000000c7300000)
AC   0  E CS TS     0 PTAMS 0x00000000c7300000 NTAMS 0x00000000c7300000 space 1024K, 100% used [0x00000000c7300000, 0x00000000c7400000)
AC   0  E CS TS     0 PTAMS 0x00000000c7400000 NTAMS 0x00000000c7400000 space 1024K, 100% used [0x00000000c7400000, 0x00000000c7500000)
AC   0  E CS TS     0 PTAMS 0x00000000c7500000 NTAMS 0x00000000c7500000 space 1024K, 100% used [0x00000000c7500000, 0x00000000c7600000)
AC   0  E CS TS     0 PTAMS 0x00000000c7600000 NTAMS 0x00000000c7600000 space 1024K, 100% used [0x00000000c7600000, 0x00000000c7700000)
AC   0  E CS TS     0 PTAMS 0x00000000c7700000 NTAMS 0x00000000c7700000 space 1024K, 100% used [0x00000000c7700000, 0x00000000c7800000)
AC   0  E CS TS     0 PTAMS 0x00000000c7800000 NTAMS 0x00000000c7800000 space 1024K, 100% used [0x00000000c7800000, 0x00000000c7900000)
AC   0  E CS TS     0 PTAMS 0x00000000c7900000 NTAMS 0x00000000c7900000 space 1024K, 100% used [0x00000000c7900000, 0x00000000c7a00000)
AC   0  E CS TS     0 PTAMS 0x00000000c7a00000 NTAMS 0x00000000c7a00000 space 1024K, 100% used [0x00000000c7a00000, 0x00000000c7b00000)
AC   0  E CS TS     0 PTAMS 0x00000000c7b00000 NTAMS 0x00000000c7b00000 space 1024K, 100% used [0x00000000c7b00000, 0x00000000c7c00000)
AC   0  E CS TS     0 PTAMS 0x00000000c7c00000 NTAMS 0x00000000c7c00000 space 1024K, 100% used [0x00000000c7c00000, 0x00000000c7d00000)
AC   0  E CS TS     0 PTAMS 0x00000000c7d00000 NTAMS 0x00000000c7d00000 space 1024K, 100% used [0x00000000c7d00000, 0x00000000c7e00000)
AC   0  E CS TS     0 PTAMS 0x00000000c7e00000 NTAMS 0x00000000c7e00000 space 1024K, 100% used [0x00000000c7e00000, 0x00000000c7f00000)
AC   0  E CS TS     0 PTAMS 0x00000000c7f00000 NTAMS 0x00000000c7f00000 space 1024K, 100% used [0x00000000c7f00000, 0x00000000c8000000)

Card table byte_map: [0x0000000013580000,0x0000000013780000] byte_map_base: 0x0000000012f80000

Marking Bits (Prev, Next): (CMBitMap*) 0x0000000002fb6c48, (CMBitMap*) 0x0000000002fb6ca0
 Prev Bits: [0x0000000013980000, 0x0000000014980000)
 Next Bits: [0x0000000014980000, 0x0000000015980000)

Polling page: 0x00000000007f0000

CodeCache: size=245760Kb used=11262Kb max_used=11271Kb free=234497Kb
 bounds [0x0000000003080000, 0x0000000003b90000, 0x0000000012080000]
 total_blobs=3961 nmethods=3415 adapters=458
 compilation: enabled

Compilation events (10 events):
Event: 993.052 Thread 0x0000000018c1f000 nmethod 3910 0x0000000003b89e50 code [0x0000000003b8a000, 0x0000000003b8acf8]
Event: 1103.208 Thread 0x0000000018c2c800 3911       3       org.eclipse.core.internal.jobs.InternalJob::getStartTime (5 bytes)
Event: 1103.208 Thread 0x0000000018c2c800 nmethod 3911 0x0000000003b89b10 code [0x0000000003b89c60, 0x0000000003b89db0]
Event: 1143.421 Thread 0x0000000018c23800 3912       4       java.util.concurrent.locks.ReentrantLock$Sync::tryRelease (45 bytes)
Event: 1143.423 Thread 0x0000000018c23800 nmethod 3912 0x0000000003b86b50 code [0x0000000003b86c80, 0x0000000003b86d78]
Event: 1167.471 Thread 0x0000000018c2c800 3913       3       java.io.Writer::write (11 bytes)
Event: 1167.472 Thread 0x0000000018c2c800 nmethod 3913 0x0000000003b86510 code [0x0000000003b86680, 0x0000000003b86988]
Event: 1167.473 Thread 0x0000000018c2c800 3914       3       java.lang.StringBuilder::append (9 bytes)
Event: 1167.474 Thread 0x0000000018c2c800 nmethod 3914 0x0000000003b89410 code [0x0000000003b895a0, 0x0000000003b89998]
Event: 1167.474 Thread 0x0000000018c2c800 3915 %     3       sun.nio.cs.UTF_8$Encoder::encodeArrayLoop @ 109 (489 bytes)

GC Heap History (10 events):
Event: 12.406 GC heap before
{Heap before GC invocations=1 (full 0):
 garbage-first heap   total 131072K, used 18224K [0x00000000c0000000, 0x00000000c0100400, 0x0000000100000000)
  region size 1024K, 16 young (16384K), 2 survivors (2048K)
 Metaspace       used 10077K, capacity 10518K, committed 10752K, reserved 1058816K
  class space    used 1065K, capacity 1202K, committed 1280K, reserved 1048576K
Event: 12.417 GC heap after
Heap after GC invocations=2 (full 0):
 garbage-first heap   total 131072K, used 8481K [0x00000000c0000000, 0x00000000c0100400, 0x0000000100000000)
  region size 1024K, 2 young (2048K), 2 survivors (2048K)
 Metaspace       used 10077K, capacity 10518K, committed 10752K, reserved 1058816K
  class space    used 1065K, capacity 1202K, committed 1280K, reserved 1048576K
}
Event: 13.794 GC heap before
{Heap before GC invocations=2 (full 0):
 garbage-first heap   total 131072K, used 32033K [0x00000000c0000000, 0x00000000c0100400, 0x0000000100000000)
  region size 1024K, 25 young (25600K), 2 survivors (2048K)
 Metaspace       used 18246K, capacity 19262K, committed 19328K, reserved 1067008K
  class space    used 1836K, capacity 2160K, committed 2176K, reserved 1048576K
Event: 13.814 GC heap after
Heap after GC invocations=3 (full 0):
 garbage-first heap   total 131072K, used 17408K [0x00000000c0000000, 0x00000000c0100400, 0x0000000100000000)
  region size 1024K, 4 young (4096K), 4 survivors (4096K)
 Metaspace       used 18246K, capacity 19262K, committed 19328K, reserved 1067008K
  class space    used 1836K, capacity 2160K, committed 2176K, reserved 1048576K
}
Event: 14.449 GC heap before
{Heap before GC invocations=3 (full 0):
 garbage-first heap   total 131072K, used 22528K [0x00000000c0000000, 0x00000000c0100400, 0x0000000100000000)
  region size 1024K, 10 young (10240K), 4 survivors (4096K)
 Metaspace       used 19942K, capacity 21184K, committed 21296K, reserved 1069056K
  class space    used 2044K, capacity 2339K, committed 2352K, reserved 1048576K
Event: 14.459 GC heap after
Heap after GC invocations=4 (full 0):
 garbage-first heap   total 131072K, used 19455K [0x00000000c0000000, 0x00000000c0100400, 0x0000000100000000)
  region size 1024K, 6 young (6144K), 6 survivors (6144K)
 Metaspace       used 19942K, capacity 21184K, committed 21296K, reserved 1069056K
  class space    used 2044K, capacity 2339K, committed 2352K, reserved 1048576K
}
Event: 30.041 GC heap before
{Heap before GC invocations=5 (full 0):
 garbage-first heap   total 131072K, used 84991K [0x00000000c0000000, 0x00000000c0100400, 0x0000000100000000)
  region size 1024K, 76 young (77824K), 6 survivors (6144K)
 Metaspace       used 27161K, capacity 28804K, committed 29052K, reserved 1075200K
  class space    used 3012K, capacity 3454K, committed 3504K, reserved 1048576K
Event: 30.064 GC heap after
Heap after GC invocations=6 (full 0):
 garbage-first heap   total 131072K, used 23385K [0x00000000c0000000, 0x00000000c0100400, 0x0000000100000000)
  region size 1024K, 10 young (10240K), 10 survivors (10240K)
 Metaspace       used 27161K, capacity 28804K, committed 29052K, reserved 1075200K
  class space    used 3012K, capacity 3454K, committed 3504K, reserved 1048576K
}
Event: 32.729 GC heap before
{Heap before GC invocations=6 (full 0):
 garbage-first heap   total 131072K, used 70489K [0x00000000c0000000, 0x00000000c0100400, 0x0000000100000000)
  region size 1024K, 57 young (58368K), 10 survivors (10240K)
 Metaspace       used 33632K, capacity 35914K, committed 36048K, reserved 1081344K
  class space    used 3733K, capacity 4457K, committed 4528K, reserved 1048576K
Event: 32.760 GC heap after
Heap after GC invocations=7 (full 0):
 garbage-first heap   total 131072K, used 31744K [0x00000000c0000000, 0x00000000c0100400, 0x0000000100000000)
  region size 1024K, 10 young (10240K), 10 survivors (10240K)
 Metaspace       used 33632K, capacity 35914K, committed 36048K, reserved 1081344K
  class space    used 3733K, capacity 4457K, committed 4528K, reserved 1048576K
}

Deoptimization events (10 events):
Event: 32.998 Thread 0x000000001a411000 Uncommon trap: reason=bimorphic action=maybe_recompile pc=0x00000000035a7348 method=java.io.DataOutputStream.write([BII)V @ 7
Event: 32.999 Thread 0x000000001a411000 Uncommon trap: reason=bimorphic action=maybe_recompile pc=0x00000000035a7348 method=java.io.DataOutputStream.write([BII)V @ 7
Event: 32.999 Thread 0x000000001a411000 Uncommon trap: reason=bimorphic action=maybe_recompile pc=0x00000000035a7348 method=java.io.DataOutputStream.write([BII)V @ 7
Event: 32.999 Thread 0x000000001a411000 Uncommon trap: reason=bimorphic action=maybe_recompile pc=0x00000000035a7348 method=java.io.DataOutputStream.write([BII)V @ 7
Event: 33.136 Thread 0x0000000019f02000 Uncommon trap: reason=unstable_if action=reinterpret pc=0x00000000036f7c60 method=java.util.Arrays.equals([B[B)Z @ 12
Event: 33.140 Thread 0x000000001a411000 Uncommon trap: reason=bimorphic action=maybe_recompile pc=0x0000000003645a44 method=java.io.DataOutputStream.writeByte(I)V @ 5
Event: 33.140 Thread 0x000000001a411000 Uncommon trap: reason=bimorphic action=maybe_recompile pc=0x0000000003645a44 method=java.io.DataOutputStream.writeByte(I)V @ 5
Event: 33.140 Thread 0x000000001a411000 Uncommon trap: reason=bimorphic action=maybe_recompile pc=0x0000000003645a44 method=java.io.DataOutputStream.writeByte(I)V @ 5
Event: 33.140 Thread 0x000000001a411000 Uncommon trap: reason=bimorphic action=maybe_recompile pc=0x0000000003645a44 method=java.io.DataOutputStream.writeByte(I)V @ 5
Event: 35.295 Thread 0x0000000019f02000 Uncommon trap: reason=unstable_if action=reinterpret pc=0x0000000003309c30 method=java.lang.String.indexOf([CII[CIII)I @ 27

Internal exceptions (10 events):
Event: 32.650 Thread 0x000000001a411000 Exception <a 'sun/nio/fs/WindowsException'> (0x00000000c5131538) thrown at [D:\re\workspace\8-2-build-windows-amd64-cygwin\jdk8u92\6642\hotspot\src\share\vm\prims\jni.cpp, line 709]
Event: 32.650 Thread 0x000000001a411000 Exception <a 'sun/nio/fs/WindowsException'> (0x00000000c5134818) thrown at [D:\re\workspace\8-2-build-windows-amd64-cygwin\jdk8u92\6642\hotspot\src\share\vm\prims\jni.cpp, line 709]
Event: 32.947 Thread 0x000000001ae28800 Exception <a 'sun/nio/fs/WindowsException'> (0x00000000c7fd1f50) thrown at [D:\re\workspace\8-2-build-windows-amd64-cygwin\jdk8u92\6642\hotspot\src\share\vm\prims\jni.cpp, line 709]
Event: 33.136 Thread 0x0000000019f02000 Implicit null exception at 0x00000000036f7b18 to 0x00000000036f7c4d
Event: 33.137 Thread 0x000000001a411000 Exception <a 'java/io/FileNotFoundException'> (0x00000000c7631fc8) thrown at [D:\re\workspace\8-2-build-windows-amd64-cygwin\jdk8u92\6642\hotspot\src\share\vm\prims\jni.cpp, line 709]
Event: 33.137 Thread 0x000000001ae28800 Exception <a 'sun/nio/fs/WindowsException'> (0x00000000c7b3b850) thrown at [D:\re\workspace\8-2-build-windows-amd64-cygwin\jdk8u92\6642\hotspot\src\share\vm\prims\jni.cpp, line 709]
Event: 33.181 Thread 0x000000001ae28800 Exception <a 'sun/nio/fs/WindowsException'> (0x00000000c7b53030) thrown at [D:\re\workspace\8-2-build-windows-amd64-cygwin\jdk8u92\6642\hotspot\src\share\vm\prims\jni.cpp, line 709]
Event: 34.592 Thread 0x000000001a2ea000 Exception <a 'java/io/FileNotFoundException'> (0x00000000c739d678) thrown at [D:\re\workspace\8-2-build-windows-amd64-cygwin\jdk8u92\6642\hotspot\src\share\vm\prims\jni.cpp, line 709]
Event: 34.593 Thread 0x000000001a2ea000 Exception <a 'java/io/FileNotFoundException'> (0x00000000c739f8f0) thrown at [D:\re\workspace\8-2-build-windows-amd64-cygwin\jdk8u92\6642\hotspot\src\share\vm\prims\jni.cpp, line 709]
Event: 1167.470 Thread 0x000000001a4a1800 Exception <a 'java/io/IOException': CreateProcess error=1450, 系统资源不足，无法完成请求的服务。> (0x00000000c62eb000) thrown at [D:\re\workspace\8-2-build-windows-amd64-cygwin\jdk8u92\6642\hotspot\src\share\vm\prims\jni.cpp, line 735]

Events (10 events):
Event: 94.749 Thread 0x000000001e2f2800 Thread exited: 0x000000001e2f2800
Event: 94.750 Thread 0x000000001a411000 Thread exited: 0x000000001a411000
Event: 1167.472 loading class java/lang/Throwable$WrappedPrintWriter
Event: 1167.472 loading class java/lang/Throwable$PrintStreamOrWriter
Event: 1167.472 loading class java/lang/Throwable$PrintStreamOrWriter done
Event: 1167.473 loading class java/lang/Throwable$WrappedPrintWriter done
Event: 1167.473 loading class java/util/IdentityHashMap$KeySet
Event: 1167.473 loading class java/util/IdentityHashMap$KeySet done
Event: 1167.474 loading class java/lang/reflect/InvocationTargetException
Event: 1167.474 loading class java/lang/reflect/InvocationTargetException done


Dynamic libraries:
0x00007ff77c900000 - 0x00007ff77c937000 	D:\Program Files\Java\jdk1.8.0_92\bin\java.exe
0x00007fffd0f80000 - 0x00007fffd1161000 	C:\WINDOWS\SYSTEM32\ntdll.dll
0x00007fffd0920000 - 0x00007fffd09d2000 	C:\WINDOWS\System32\KERNEL32.DLL
0x00007fffcd4c0000 - 0x00007fffcd733000 	C:\WINDOWS\System32\KERNELBASE.dll
0x00007fffce760000 - 0x00007fffce801000 	C:\WINDOWS\System32\ADVAPI32.dll
0x00007fffd0b30000 - 0x00007fffd0bce000 	C:\WINDOWS\System32\msvcrt.dll
0x00007fffd06b0000 - 0x00007fffd070b000 	C:\WINDOWS\System32\sechost.dll
0x00007fffd0e20000 - 0x00007fffd0f44000 	C:\WINDOWS\System32\RPCRT4.dll
0x00007fffd0bd0000 - 0x00007fffd0d60000 	C:\WINDOWS\System32\USER32.dll
0x00007fffcd350000 - 0x00007fffcd370000 	C:\WINDOWS\System32\win32u.dll
0x00007fffd0d60000 - 0x00007fffd0d88000 	C:\WINDOWS\System32\GDI32.dll
0x00007fffcd7c0000 - 0x00007fffcd952000 	C:\WINDOWS\System32\gdi32full.dll
0x00007fffcd370000 - 0x00007fffcd40f000 	C:\WINDOWS\System32\msvcp_win.dll
0x00007fffcd960000 - 0x00007fffcda5a000 	C:\WINDOWS\System32\ucrtbase.dll
0x00007fffc3930000 - 0x00007fffc3b99000 	C:\WINDOWS\WinSxS\amd64_microsoft.windows.common-controls_6595b64144ccf1df_6.0.17134.48_none_b4b2216a3cb4dd3e\COMCTL32.dll
0x00007fffce430000 - 0x00007fffce753000 	C:\WINDOWS\System32\combase.dll
0x00007fffcd740000 - 0x00007fffcd7ba000 	C:\WINDOWS\System32\bcryptPrimitives.dll
0x00007fffd04a0000 - 0x00007fffd04cd000 	C:\WINDOWS\System32\IMM32.DLL
0x000000006d0c0000 - 0x000000006d192000 	D:\Program Files\Java\jdk1.8.0_92\jre\bin\msvcr100.dll
0x000000006be40000 - 0x000000006c6d6000 	D:\Program Files\Java\jdk1.8.0_92\jre\bin\server\jvm.dll
0x00007fffd0d90000 - 0x00007fffd0d98000 	C:\WINDOWS\System32\PSAPI.DLL
0x00007fffcbea0000 - 0x00007fffcbea9000 	C:\WINDOWS\SYSTEM32\WSOCK32.dll
0x00007fffd0db0000 - 0x00007fffd0e1c000 	C:\WINDOWS\System32\WS2_32.dll
0x00007fffc4160000 - 0x00007fffc4183000 	C:\WINDOWS\SYSTEM32\WINMM.dll
0x00007fffc7570000 - 0x00007fffc757a000 	C:\WINDOWS\SYSTEM32\VERSION.dll
0x00007fffc4090000 - 0x00007fffc40ba000 	C:\WINDOWS\SYSTEM32\WINMMBASE.dll
0x00007fffcd470000 - 0x00007fffcd4b9000 	C:\WINDOWS\System32\cfgmgr32.dll
0x000000006d0b0000 - 0x000000006d0bf000 	D:\Program Files\Java\jdk1.8.0_92\jre\bin\verify.dll
0x000000006d080000 - 0x000000006d0a9000 	D:\Program Files\Java\jdk1.8.0_92\jre\bin\java.dll
0x000000006d060000 - 0x000000006d076000 	D:\Program Files\Java\jdk1.8.0_92\jre\bin\zip.dll
0x00007fffce9a0000 - 0x00007fffcfde0000 	C:\WINDOWS\System32\SHELL32.dll
0x00007fffce810000 - 0x00007fffce8b9000 	C:\WINDOWS\System32\shcore.dll
0x00007fffcdd00000 - 0x00007fffce40d000 	C:\WINDOWS\System32\windows.storage.dll
0x00007fffce940000 - 0x00007fffce991000 	C:\WINDOWS\System32\shlwapi.dll
0x00007fffcd310000 - 0x00007fffcd321000 	C:\WINDOWS\System32\kernel.appcore.dll
0x00007fffcd330000 - 0x00007fffcd34f000 	C:\WINDOWS\System32\profapi.dll
0x00007fffcd2c0000 - 0x00007fffcd30c000 	C:\WINDOWS\System32\powrprof.dll
0x00007fffcd2b0000 - 0x00007fffcd2ba000 	C:\WINDOWS\System32\FLTLIB.DLL
0x00007fffcccc0000 - 0x00007fffcccd7000 	C:\WINDOWS\SYSTEM32\CRYPTSP.dll
0x00007fffcc6f0000 - 0x00007fffcc723000 	C:\WINDOWS\system32\rsaenh.dll
0x00007fffccdf0000 - 0x00007fffcce15000 	C:\WINDOWS\SYSTEM32\bcrypt.dll
0x00007fffcd1c0000 - 0x00007fffcd1e8000 	C:\WINDOWS\SYSTEM32\USERENV.dll
0x00007fffccce0000 - 0x00007fffccceb000 	C:\WINDOWS\SYSTEM32\CRYPTBASE.dll
0x000000006d040000 - 0x000000006d05a000 	D:\Program Files\Java\jdk1.8.0_92\jre\bin\net.dll
0x00007fffccb10000 - 0x00007fffccb76000 	C:\WINDOWS\system32\mswsock.dll
0x00007fffcc890000 - 0x00007fffcc8c8000 	C:\WINDOWS\SYSTEM32\IPHLPAPI.DLL
0x00007fffd0da0000 - 0x00007fffd0da8000 	C:\WINDOWS\System32\NSI.dll
0x00007fffc6ac0000 - 0x00007fffc6ad6000 	C:\WINDOWS\SYSTEM32\dhcpcsvc6.DLL
0x00007fffc5f60000 - 0x00007fffc5f7a000 	C:\WINDOWS\SYSTEM32\dhcpcsvc.DLL
0x000000006d020000 - 0x000000006d031000 	D:\Program Files\Java\jdk1.8.0_92\jre\bin\nio.dll
0x00007fffc7ac0000 - 0x00007fffc7ae9000 	C:\Users\tzz\.vscode\extensions\redhat.java-0.24.0\server\config_win\org.eclipse.equinox.launcher\org.eclipse.equinox.launcher.win32.win32.x86_64_1.1.700.v20180323-1026\eclipse_1704.dll
0x00007fffc8e10000 - 0x00007fffc8e21000 	C:\Users\tzz\.vscode\extensions\redhat.java-0.24.0\server\config_win\org.eclipse.osgi\23\0\.cp\jWinHttp-1.0.0.dll
0x00007fffd0720000 - 0x00007fffd0871000 	C:\WINDOWS\System32\ole32.dll
0x00007fffc7cf0000 - 0x00007fffc7dcd000 	C:\WINDOWS\SYSTEM32\WINHTTP.dll
0x000000006cff0000 - 0x000000006d014000 	D:\Program Files\Java\jdk1.8.0_92\jre\bin\sunec.dll
0x000000006cfe0000 - 0x000000006cfeb000 	D:\Program Files\Java\jdk1.8.0_92\jre\bin\sunmscapi.dll
0x00007fffcda60000 - 0x00007fffcdc42000 	C:\WINDOWS\System32\CRYPT32.dll
0x00007fffcd290000 - 0x00007fffcd2a2000 	C:\WINDOWS\System32\MSASN1.dll
0x00007fff8ae40000 - 0x00007fff8ae56000 	C:\WINDOWS\system32\napinsp.dll
0x00007fff8ae20000 - 0x00007fff8ae3a000 	C:\WINDOWS\system32\pnrpnsp.dll
0x00007fffc8d40000 - 0x00007fffc8d59000 	C:\WINDOWS\system32\NLAapi.dll
0x00007fffcc8d0000 - 0x00007fffcc98e000 	C:\WINDOWS\SYSTEM32\DNSAPI.dll
0x00007fffa5100000 - 0x00007fffa510e000 	C:\WINDOWS\System32\winrnr.dll
0x00007fffc4210000 - 0x00007fffc421a000 	C:\Windows\System32\rasadhlp.dll
0x00007fffc4d70000 - 0x00007fffc4de2000 	C:\WINDOWS\System32\fwpuclnt.dll

VM Arguments:
jvm_args: -Declipse.application=org.eclipse.jdt.ls.core.id1 -Dosgi.bundles.defaultStartLevel=4 -Declipse.product=org.eclipse.jdt.ls.core.product -Xverify:none -Xmx1G -XX:+UseG1GC -XX:+UseStringDeduplication 
java_command: C:\Users\tzz\.vscode\extensions\redhat.java-0.24.0\server\plugins\org.eclipse.equinox.launcher_1.5.0.v20180207-1446.jar -configuration C:\Users\tzz\.vscode\extensions\redhat.java-0.24.0\server\config_win -data C:\Users\tzz\AppData\Roaming\Code\User\workspaceStorage\bc38e8a3cdb3932b212dea40c0849352\redhat.java\jdt_ws
java_class_path (initial): C:\Users\tzz\.vscode\extensions\redhat.java-0.24.0\server\plugins\org.eclipse.equinox.launcher_1.5.0.v20180207-1446.jar
Launcher Type: SUN_STANDARD

Environment Variables:
JAVA_HOME=D:\Program Files\Java\jdk1.8.0_92
CLASSPATH=D:\Program Files\Java\jdk1.8.0_92\lib\dt.jar;D:\Program Files\Java\jdk1.8.0_92\lib\tools.jar
PATH=d:\ProgramData\Anaconda3;d:\ProgramData\Anaconda3\Library\mingw-w64\bin;d:\ProgramData\Anaconda3\Library\usr\bin;d:\ProgramData\Anaconda3\Library\bin;d:\ProgramData\Anaconda3\Scripts;D:\Program Files\Java\jre1.8.0_131\bin;C:\Windows;C:\Windows\System32\Wbem;C:\Windows\System32\WindowsPowerShell\v1.0\;D:\Program Files\Java\jdk1.8.0_92\bin;D:\Program Files\Python36;D:\Program Files\apache-tomcat-9.0.0.M26\bin;D:\Program Files\cygwin64\bin;C:\Program Files (x86)\NVIDIA Corporation\PhysX\Common;D:\Program Files\Apache Software Foundation\Tomcat 9.0\bin;D:\Program Files\Java\jdk1.8.0_92\lib\tools.jar;D:\Program Files\Java\jdk1.8.0_92\lib\dt.jar;C:\Program Files\MySQL\MySQL Utilities 1.6\;C:\Windows\System32;C:\WINDOWS\system32;C:\WINDOWS;C:\WINDOWS\System32\Wbem;C:\WINDOWS\System32\WindowsPowerShell\v1.0\;C:\WINDOWS\System32\OpenSSH\;D:\Program Files\hadoop-2.9.0-src\bin;D:\Program Files\nodejs\;d:\Program Files\Git\cmd;C:\Users\tzz\AppData\Local\Microsoft\WindowsApps;d:\Program Files\Microsoft VS Code\bin;C:\Users\tzz\AppData\Roaming\npm
USERNAME=tzz
OS=Windows_NT
PROCESSOR_IDENTIFIER=Intel64 Family 6 Model 61 Stepping 4, GenuineIntel



---------------  S Y S T E M  ---------------

OS: Windows 10.0 , 64 bit Build 17134 (10.0.17134.1)

CPU:total 4 (2 cores per cpu, 2 threads per core) family 6 model 61 stepping 4, cmov, cx8, fxsr, mmx, sse, sse2, sse3, ssse3, sse4.1, sse4.2, popcnt, avx, avx2, aes, clmul, erms, 3dnowpref, lzcnt, ht, tsc, tscinvbit, bmi1, bmi2, adx

Memory: 4k page, physical 8298368k(1064664k free), swap 17520508k(1876k free)

vm_info: Java HotSpot(TM) 64-Bit Server VM (25.92-b14) for windows-amd64 JRE (1.8.0_92-b14), built on Mar 31 2016 21:03:04 by "java_re" with MS VC++ 10.0 (VS2010)

time: Thu May 17 00:05:07 2018
elapsed time: 1167 seconds (0d 0h 19m 27s)

